<?xml version="1.0" encoding="UTF-8"?>
<!-- Generated by org.testng.reporters.JUnitReportReporter -->
<testsuite hostname="crystian-pc" failures="0" tests="5" name="project.ProjectTest" time="0.084" errors="0" timestamp="2020-02-24T12:07:26 CST" skipped="0">
  <testcase classname="project.ProjectTest" name="testSetAndGeSchedule" time="0.049"/>
  <testcase classname="project.ProjectTest" name="testSetAndGetState" time="0.001"/>
  <testcase classname="project.ProjectTest" name="testSetAndGetLimitReceptionDate" time="0.032"/>
  <testcase classname="project.ProjectTest" name="testSetAndGetId" time="0.001"/>
  <testcase classname="project.ProjectTest" name="testSetAndGetTitle" time="0.001"/>
</testsuite> <!-- project.ProjectTest -->
