<?xml version="1.0" encoding="UTF-8"?>
<!-- Generated by org.testng.reporters.JUnitReportReporter -->
<testsuite skipped="0" hostname="charly-Strix-15-GL503GE" name="User.service.RolServiceTest" tests="4" failures="0" timestamp="2020-03-02T18:37:42 CST" time="0.003" errors="0">
  <testcase name="updateCareerTest" time="0.000" classname="User.service.RolServiceTest"/>
  <testcase name="updateCareerNullTest" time="0.001" classname="User.service.RolServiceTest"/>
  <testcase name="createCareerTest" time="0.000" classname="User.service.RolServiceTest"/>
  <testcase name="createCareerNullTest" time="0.002" classname="User.service.RolServiceTest"/>
</testsuite> <!-- User.service.RolServiceTest -->
