<?xml version="1.0" encoding="UTF-8"?>
<!-- Generated by org.testng.reporters.JUnitReportReporter -->
<testsuite skipped="0" hostname="charly-Strix-15-GL503GE" name="User.repository.RolRepositoryTest" tests="3" failures="0" timestamp="2020-03-02T18:37:42 CST" time="0.003" errors="0">
  <testcase name="getRolUser" time="0.001" classname="User.repository.RolRepositoryTest"/>
  <testcase name="getRolUserWithId" time="0.001" classname="User.repository.RolRepositoryTest"/>
  <testcase name="getRolUserWithName" time="0.001" classname="User.repository.RolRepositoryTest"/>
</testsuite> <!-- User.repository.RolRepositoryTest -->
