<?xml version="1.0" encoding="UTF-8"?>
<!-- Generated by org.testng.reporters.JUnitReportReporter -->
<testsuite skipped="0" hostname="charly-Strix-15-GL503GE" name="User.repository.CareerRepositoryTest" tests="3" failures="0" timestamp="2020-03-02T18:37:42 CST" time="0.042" errors="0">
  <testcase name="getAllEmptyResult" time="0.005" classname="User.repository.CareerRepositoryTest"/>
  <testcase name="getAllWithResult" time="0.000" classname="User.repository.CareerRepositoryTest"/>
  <testcase name="findByIdWithNoResult" time="0.037" classname="User.repository.CareerRepositoryTest"/>
</testsuite> <!-- User.repository.CareerRepositoryTest -->
