<?xml version="1.0" encoding="UTF-8"?>
<!-- Generated by org.testng.reporters.JUnitReportReporter -->
<testsuite skipped="0" hostname="charly-Strix-15-GL503GE" name="User.service.CareerServiceTest" tests="4" failures="0" timestamp="2020-03-02T18:37:42 CST" time="0.006" errors="0">
  <testcase name="updateGroupSectionTest" time="0.001" classname="User.service.CareerServiceTest"/>
  <testcase name="updateGroupSectionAndInformationTest" time="0.000" classname="User.service.CareerServiceTest"/>
  <testcase name="updateGroupInformationTest" time="0.004" classname="User.service.CareerServiceTest"/>
  <testcase name="createGroupTest" time="0.001" classname="User.service.CareerServiceTest"/>
</testsuite> <!-- User.service.CareerServiceTest -->
