<?xml version="1.0" encoding="UTF-8"?>
<!-- Generated by org.testng.reporters.JUnitReportReporter -->
<testsuite skipped="0" hostname="charly-Strix-15-GL503GE" name="User.repository.UserRepositoryTest" tests="4" failures="0" timestamp="2020-03-02T18:37:42 CST" time="0.066" errors="0">
  <testcase name="getUserWithNameTest" time="0.006" classname="User.repository.UserRepositoryTest"/>
  <testcase name="getUserByDPITest" time="0.001" classname="User.repository.UserRepositoryTest"/>
  <testcase name="getUserTest" time="0.057" classname="User.repository.UserRepositoryTest"/>
  <testcase name="getUserWithidRolTest" time="0.002" classname="User.repository.UserRepositoryTest"/>
</testsuite> <!-- User.repository.UserRepositoryTest -->
